
******* Array-Dimensions *******

 k   :  minkoe, maxkoe       5    4000
 h   :  htmdim, maxhtm      12    4000
 hl  :  hopdim, maxhop      10    4000
 nh  :  minfac, maxfac      12     200
 n   :    ndef, maxdef      85     240
 n   :    npar, maxpar       4     300
 n   :    nrdf, maxrdf       0      16
 np  : npesopt, maxpes       0     100
 nham:  hamdim, maxham       1      10
 muld: mulddim,maxmuld       1      10
 LMR :    iLMR, maxLMR       0      20
 minnhtmshift,maxnhtmshift     0    10
 (for minedim, maxedim see log file)

***** Operator details *****

ndof   =   2 ,  nmode   =   2
nopdof =   3 ,  nopmode =   3
feb =  2,  meb =  2,   fpb =  0,  mpb =  0,  mkoe =  3
leb = T,  lmult = F,  lmulpack = F,  lcap = F

DOF no.    label
    1       X1
    2       el
- - - - - - - - - - - - - - -
    3       Koeff

Mode     DOFs
   1    1=      X1
   2    2=      el
- - - - - - - - - - - - - - -
   3    3=   Koeff

   Info on muld
  1  mulddof :
   1   2
  1  mulddof2:
   1   2

Information for Hamiltonian : system

Total no. of terms      :      1
No. of correlated terms :      0

No. of uncorrelated terms for mode   1:     0
No. of uncorrelated terms for mode   2:     1

  Parameters
PI                      3.141592653590
Delta              -1.000000000000E+02
omega                   1.000000000000
mass_X1                 1.000000000000

Number of operators removed =     0,  cutoff = 1.00E-09

  Operator Labels    [hl,hoplab,(deflabel),hopilab,hopfile]
    hl  Label                         function no.  file no.
     1  1                                       1       302
     2  -1                                      2       302
     3  I                                       1       101
     4  Delta                                   2       301
     5  S1&1                                   10         3
     6  omega                                   3       301
     7  S1&2                                   10         3
     8  S1&3                                   10         3

Hamiltonian Operator Terms [h,htmdof,htmadof,htmndof,htmmode,htmmuld,htmtype,
                            htmsym,htmshift,string]
   No.   f  af  nf   m  md Typ Sym   Shift      Term
     1   1   1   0   0   0   1   1       0    1
     3   K           0   0   1   1            1
     9   2   2   0   0   0   8   1       0    S1&1*-1*Delta + S1&2*omega + S1&3*omega

Uncorrelated Terms
     k   m   s  sym coeff   No.s
     1   2   1   1    3       9

The operator is REAL and HERMITIAN

------------------------------------------------------------------------------

